#
# A fatal error has been detected by the Java Runtime Environment:
#
#  EXCEPTION_ACCESS_VIOLATION (0xc0000005) at pc=0x00007ff93f8fbe01, pid=11756, tid=11944
#
# JRE version: Java(TM) SE Runtime Environment (23.0.1+11) (build 23.0.1+11-39)
# Java VM: Java HotSpot(TM) 64-Bit Server VM (23.0.1+11-39, mixed mode, sharing, tiered, compressed oops, compressed class ptrs, g1 gc, windows-amd64)
# Problematic frame:
# C  [awt.dll+0xdbe01]
#
# No core dump will be written. Minidumps are not enabled by default on client versions of Windows
#
# If you would like to submit a bug report, please visit:
#   https://bugreport.java.com/bugreport/crash.jsp
# The crash happened outside the Java Virtual Machine in native code.
# See problematic frame for where to report the bug.
#

---------------  S U M M A R Y ------------

Command Line: Classes.Main

Host: Intel(R) Core(TM)2 Quad CPU    Q9550  @ 2.83GHz, 4 cores, 3G,  Windows 11 , 64 bit Build 22621 (10.0.22621.2215)
Time: Fri Dec 20 17:10:22 2024 Hora oficial do Brasil elapsed time: 11976.154931 seconds (0d 3h 19m 36s)

---------------  T H R E A D  ---------------

Current thread (0x000001afbdb96970):  JavaThread "AWT-Windows" daemon [_thread_in_native, id=11944, stack(0x000000abb4900000,0x000000abb4a00000) (1024K)]

Stack: [0x000000abb4900000,0x000000abb4a00000],  sp=0x000000abb49feb80,  free space=1018k
Native frames: (J=compiled Java code, j=interpreted, Vv=VM code, C=native code)
C  [awt.dll+0xdbe01]  (no source info available)
C  [awt.dll+0x9783c]  (no source info available)
C  [awt.dll+0x978e6]  (no source info available)
C  [awt.dll+0x94cb6]  (no source info available)
C  [awt.dll+0xe0f8c]  (no source info available)
C  [awt.dll+0xb0d3d]  (no source info available)
C  [awt.dll+0x97e1d]  (no source info available)
C  [USER32.dll+0x18241]  (no source info available)
C  [USER32.dll+0x17a8b]  (no source info available)
C  [awt.dll+0x161c3]  (no source info available)
C  [COMCTL32.dll+0x18362]  (no source info available)
C  [COMCTL32.dll+0x18147]  (no source info available)
C  [USER32.dll+0x18241]  (no source info available)
C  [USER32.dll+0x17d01]  (no source info available)
C  [awt.dll+0xd530e]  (no source info available)
C  [awt.dll+0xd7242]  (no source info available)
C  0x000001afb259cf92  (no source info available)

The last pc belongs to native method entry point (kind = native) (printed below).
Java frames: (J=compiled Java code, j=interpreted, Vv=VM code)
j  sun.awt.windows.WToolkit.eventLoop()V+0 java.desktop@23.0.1
j  sun.awt.windows.WToolkit.run()V+50 java.desktop@23.0.1
j  java.lang.Thread.runWith(Ljava/lang/Object;Ljava/lang/Runnable;)V+5 java.base@23.0.1
j  java.lang.Thread.run()V+19 java.base@23.0.1
v  ~StubRoutines::call_stub 0x000001afb2590fd5

siginfo: EXCEPTION_ACCESS_VIOLATION (0xc0000005), reading address 0x000000030000000b


Registers:
RAX=0x0000000300000003, RBX=0x000001af847b5a70, RCX=0x0000000000000000, RDX=0x0000000000000000
RSP=0x000000abb49feb80, RBP=0x000000abb49fec89, RSI=0xfffffffff401036f, RDI=0x0000000000000000
R8 =0x0000000000000001, R9 =0x000000abb49fec89, R10=0x0000000000000000, R11=0x0000000000000246
R12=0x0000000000000000, R13=0x0000000000000310, R14=0x0000000000000000, R15=0x0000000000000000
RIP=0x00007ff93f8fbe01, EFLAGS=0x0000000000010246


Register to memory mapping:

RAX=0x0000000300000003 is an unknown value
RBX=0x000001af847b5a70 points into unknown readable memory: 0x000001af840b1700 | 00 17 0b 84 af 01 00 00
RCX=0x0 is null
RDX=0x0 is null
RSP=0x000000abb49feb80 is pointing into the stack for thread: 0x000001afbdb96970
RBP=0x000000abb49fec89 is pointing into the stack for thread: 0x000001afbdb96970
RSI=0xfffffffff401036f is an unknown value
RDI=0x0 is null
R8 =0x0000000000000001 is an unknown value
R9 =0x000000abb49fec89 is pointing into the stack for thread: 0x000001afbdb96970
R10=0x0 is null
R11=0x0000000000000246 is an unknown value
R12=0x0 is null
R13=0x0000000000000310 is an unknown value
R14=0x0 is null
R15=0x0 is null

Top of Stack: (sp=0x000000abb49feb80)
0x000000abb49feb80:   00007ff93f959838 fffffffff401036f
0x000000abb49feb90:   0000000000000000 0000000000000000
0x000000abb49feba0:   0000000000000000 00007ff93f8b783c
0x000000abb49febb0:   fffffffff401036f 000001af86665860
0x000000abb49febc0:   000001af847b5a70 0000000000000000
0x000000abb49febd0:   0000000000000000 00007ff93f8b78e6
0x000000abb49febe0:   000001af86665860 00007ff93f820000
0x000000abb49febf0:   000000000000c174 00007ff93d9707d2
0x000000abb49fec00:   0000000000000000 00007ff93f8b4cb6
0x000000abb49fec10:   000001af86665860 0000000000000000
0x000000abb49fec20:   0000000000000001 00007ff96a8d6627
0x000000abb49fec30:   000000abb49fecf0 000000abb49fdb30
0x000000abb49fec40:   00007ff93f8b7dc0 0000000000000000
0x000000abb49fec50:   0000000000000000 00007ff96a8d85f3
0x000000abb49fec60:   0000000000000000 000000abb49fecf0
0x000000abb49fec70:   000000abb49fecf4 000001afbdb96d30
0x000000abb49fec80:   000001af86665900 000000000000c174
0x000000abb49fec90:   000000000000c174 00005005dc98a144
0x000000abb49feca0:   000001af85076360 0000000000000000
0x000000abb49fecb0:   0000000000000000 0000000000000000
0x000000abb49fecc0:   0000000000000000 0000000000000310
0x000000abb49fecd0:   0000000000000000 000001af86665860
0x000000abb49fece0:   000001af86665860 00007ff93f900f8c
0x000000abb49fecf0:   0000000200000002 0000000000000000
0x000000abb49fed00:   0000164761f6b640 00007a8665e8e41d
0x000000abb49fed10:   0000000000000000 000000000000c174
0x000000abb49fed20:   0000000000000000 0000000000000000
0x000000abb49fed30:   000000abb49fef08 00007ff96a5a84e6
0x000000abb49fed40:   0000000000000000 00007ff96a8d85f3
0x000000abb49fed50:   ffffffffffffffeb 00007ff96a5aab09
0x000000abb49fed60:   0000000000000000 00005005dc98a1a4
0x000000abb49fed70:   0000000000c40398 0000000000000000 

Instructions: (pc=0x00007ff93f8fbe01)
0x00007ff93f8fbd01:   83 ec 28 66 0f 6e c2 0f 5b c0 f3 0f 59 41 48 0f
0x00007ff93f8fbd11:   5a c8 f2 0f 10 05 bd 4e 03 00 f2 0f 5c 0d e5 4e
0x00007ff93f8fbd21:   01 00 66 0f 2f c1 76 0a b8 00 00 00 80 48 83 c4
0x00007ff93f8fbd31:   28 c3 66 0f 2f 0d 65 98 02 00 76 0a b8 ff ff ff
0x00007ff93f8fbd41:   7f 48 83 c4 28 c3 0f 28 c1 e8 af 0e 01 00 f2 0f
0x00007ff93f8fbd51:   2c c0 48 83 c4 28 c3 cc cc cc cc cc cc cc cc 48
0x00007ff93f8fbd61:   83 ec 28 66 0f 6e c2 0f 5b c0 f3 0f 59 41 4c 0f
0x00007ff93f8fbd71:   5a c8 f2 0f 10 05 5d 4e 03 00 f2 0f 5c 0d 85 4e
0x00007ff93f8fbd81:   01 00 66 0f 2f c1 76 0a b8 00 00 00 80 48 83 c4
0x00007ff93f8fbd91:   28 c3 66 0f 2f 0d 05 98 02 00 76 0a b8 ff ff ff
0x00007ff93f8fbda1:   7f 48 83 c4 28 c3 0f 28 c1 e8 4f 0e 01 00 f2 0f
0x00007ff93f8fbdb1:   2c c0 48 83 c4 28 c3 cc cc cc cc cc cc cc cc 48
0x00007ff93f8fbdc1:   8b 49 08 48 85 c9 0f 85 b3 7c fe ff 33 c0 c3 48
0x00007ff93f8fbdd1:   89 5c 24 08 48 89 74 24 10 57 48 83 ec 20 8b fa
0x00007ff93f8fbde1:   48 8b f1 e8 b7 be f4 ff 48 8b d8 48 89 44 24 40
0x00007ff93f8fbdf1:   41 b8 01 00 00 00 8b d7 48 8b c8 e8 1f be f4 ff
0x00007ff93f8fbe01:   48 8b 48 08 48 85 c9 74 0d 48 8b d6 e8 6e 7c fe
0x00007ff93f8fbe11:   ff 48 8b f8 eb 02 33 ff 48 8b cb e8 3f c0 f4 ff
0x00007ff93f8fbe21:   90 48 8b c7 48 8b 5c 24 30 48 8b 74 24 38 48 83
0x00007ff93f8fbe31:   c4 20 5f c3 cc cc cc cc cc cc cc cc cc cc cc 48
0x00007ff93f8fbe41:   8b 01 89 10 c3 cc cc cc cc cc cc cc cc cc cc 40
0x00007ff93f8fbe51:   57 48 83 ec 40 48 83 79 38 00 48 8b f9 0f 84 96
0x00007ff93f8fbe61:   01 00 00 48 8b 0d b5 9f 06 00 ba 02 00 01 00 48
0x00007ff93f8fbe71:   89 5c 24 58 48 89 74 24 68 e8 40 d8 00 00 4c 8b
0x00007ff93f8fbe81:   05 12 a5 06 00 48 8b c8 48 8b 57 38 48 8b d8 4c
0x00007ff93f8fbe91:   8b 08 41 ff 91 f8 02 00 00 48 8b f0 48 85 c0 0f
0x00007ff93f8fbea1:   84 4a 01 00 00 4c 8b 0b 48 8b d0 4c 8b 05 d5 a4
0x00007ff93f8fbeb1:   06 00 48 8b cb 41 ff 91 00 01 00 00 84 c0 0f 84
0x00007ff93f8fbec1:   2b 01 00 00 48 8b 7f 08 48 8b d6 48 8b 03 48 8b
0x00007ff93f8fbed1:   cb 4c 8b 05 c7 a4 06 00 48 81 c7 00 04 00 00 48
0x00007ff93f8fbee1:   89 6c 24 60 4c 89 64 24 38 ff 90 f8 02 00 00 4c
0x00007ff93f8fbef1:   8b 0b 48 8b d6 4c 8b 05 ab a4 06 00 48 8b cb 4c 


Stack slot to memory mapping:

stack at sp + 0 slots: 0x00007ff93f959838 awt.dll
stack at sp + 1 slots: 0xfffffffff401036f is an unknown value
stack at sp + 2 slots: 0x0 is null
stack at sp + 3 slots: 0x0 is null
stack at sp + 4 slots: 0x0 is null
stack at sp + 5 slots: 0x00007ff93f8b783c awt.dll
stack at sp + 6 slots: 0xfffffffff401036f is an unknown value
stack at sp + 7 slots: 0x000001af86665860 points into unknown readable memory: 0x00007ff93f92c860 | 60 c8 92 3f f9 7f 00 00

Lock stack of current Java thread (top to bottom):

native method entry point (kind = native)  [0x000001afb259cb80, 0x000001afb259d6b8]  2872 bytes
[MachCode]
  0x000001afb259cb80: 488b 4b08 | 0fb7 492e | 584c 8d74 | ccf8 6800 | 0000 0068 | 0000 0000 | 5055 488b | ec41 5568 
  0x000001afb259cba0: 0000 0000 | 4c8b 6b08 | 4d8d 6d38 | 5348 8b53 | 0848 8b52 | 0848 8b52 | 1848 8b52 | 7048 8b12 
  0x000001afb259cbc0: 5248 8b53 | 1048 85d2 | 0f84 0700 | 0000 4881 | c210 0100 | 0052 488b | 5308 488b | 5208 488b 
  0x000001afb259cbe0: 5210 5249 | 8bc6 482b | c548 c1e8 | 0350 6800 | 0000 0068 | f7ff ffff | 41c6 8771 | 0400 0001 
  0x000001afb259cc00: 488b 4310 | 4885 c074 | 208b 88cc | 0000 0083 | c102 8988 | cc00 0000 | 2388 e000 | 0000 0f84 
  0x000001afb259cc20: e609 0000 | e9c9 0000 | 0048 8b43 | 1848 85c0 | 0f85 aa00 | 0000 e805 | 0000 00e9 | 9300 0000 
  0x000001afb259cc40: 488b d348 | 8d44 2408 | 4c89 6dc0 | 498b cf49 | 89af b003 | 0000 4989 | 87a0 0300 | 0048 83ec 
  0x000001afb259cc60: 2040 f6c4 | 0f0f 8419 | 0000 0048 | 83ec 0848 | b890 2666 | 3df9 7f00 | 00ff d048 | 83c4 08e9 
  0x000001afb259cc80: 0c00 0000 | 48b8 9026 | 663d f97f | 0000 ffd0 | 4883 c420 | 49c7 87a0 | 0300 0000 | 0000 0049 
  0x000001afb259cca0: c787 b003 | 0000 0000 | 0000 49c7 | 87a8 0300 | 0000 0000 | 0049 837f | 0800 0f84 | 0500 0000 
  0x000001afb259ccc0: e9fb 41ff | ff4c 8b6d | c04c 8b75 | c84e 8d74 | f500 c348 | 8b43 1848 | 85c0 0f84 | 1200 0000 
  0x000001afb259cce0: 8b48 0883 | c102 8948 | 0823 481c | 0f84 1809 | 0000 493b | a7e8 0400 | 000f 8748 | 0000 0089 
  0x000001afb259cd00: 8424 00f0 | ffff 8984 | 2400 e0ff | ff89 8424 | 00d0 ffff | 8984 2400 | c0ff ff89 | 8424 00b0 
  0x000001afb259cd20: ffff 8984 | 2400 a0ff | ff89 8424 | 0090 ffff | 8984 2400 | 80ff ff49 | 3ba7 e004 | 0000 7607 
  0x000001afb259cd40: 4989 a7e8 | 0400 0041 | c687 7104 | 0000 0049 | ba41 aded | 3df9 7f00 | 0041 803a | 000f 843e 
  0x000001afb259cd60: 0000 0048 | 8b55 e849 | 8bcf 4883 | ec20 40f6 | c40f 0f84 | 1900 0000 | 4883 ec08 | 48b8 10ee 
  0x000001afb259cd80: 9d3d f97f | 0000 ffd0 | 4883 c408 | e90c 0000 | 0048 b810 | ee9d 3df9 | 7f00 00ff | d048 83c4 
  0x000001afb259cda0: 2048 8b5d | e84c 8b5b | 0845 0fb7 | 5b2e 41c1 | e303 492b | e348 83ec | 2048 83e4 | f04c 8b5b 
  0x000001afb259cdc0: 604d 85db | 0f85 a500 | 0000 e805 | 0000 00e9 | 9300 0000 | 488b d348 | 8d44 2408 | 4c89 6dc0 
  0x000001afb259cde0: 498b cf49 | 89af b003 | 0000 4989 | 87a0 0300 | 0048 83ec | 2040 f6c4 | 0f0f 8419 | 0000 0048 
  0x000001afb259ce00: 83ec 0848 | b8f0 4d66 | 3df9 7f00 | 00ff d048 | 83c4 08e9 | 0c00 0000 | 48b8 f04d | 663d f97f 
  0x000001afb259ce20: 0000 ffd0 | 4883 c420 | 49c7 87a0 | 0300 0000 | 0000 0049 | c787 b003 | 0000 0000 | 0000 49c7 
  0x000001afb259ce40: 87a8 0300 | 0000 0000 | 0049 837f | 0800 0f84 | 0500 0000 | e967 40ff | ff4c 8b6d | c04c 8b75 
  0x000001afb259ce60: c84e 8d74 | f500 c348 | 8b5d e84c | 8b5b 6041 | ffd3 488b | 5de8 4889 | 4518 448b | 5b28 41f6 
  0x000001afb259ce80: c308 0f84 | 1b00 0000 | 4c8b 5b08 | 4d8b 5b08 | 4d8b 5b18 | 4d8b 5b70 | 4d8b 1b4c | 895d 1048 
  0x000001afb259cea0: 8d55 1048 | 8b43 5849 | ba60 3c9e | 3df9 7f00 | 0049 3bc2 | 0f85 a500 | 0000 e805 | 0000 00e9 
  0x000001afb259cec0: 9300 0000 | 488b d348 | 8d44 2408 | 4c89 6dc0 | 498b cf49 | 89af b003 | 0000 4989 | 87a0 0300 
  0x000001afb259cee0: 0048 83ec | 2040 f6c4 | 0f0f 8419 | 0000 0048 | 83ec 0848 | b8f0 4d66 | 3df9 7f00 | 00ff d048 
  0x000001afb259cf00: 83c4 08e9 | 0c00 0000 | 48b8 f04d | 663d f97f | 0000 ffd0 | 4883 c420 | 49c7 87a0 | 0300 0000 
  0x000001afb259cf20: 0000 0049 | c787 b003 | 0000 0000 | 0000 49c7 | 87a8 0300 | 0000 0000 | 0049 837f | 0800 0f84 
  0x000001afb259cf40: 0500 0000 | e977 3fff | ff4c 8b6d | c04c 8b75 | c84e 8d74 | f500 c348 | 8b5d e848 | 8b43 5849 
  0x000001afb259cf60: 8d8f c003 | 0000 4989 | afb0 0300 | 0049 ba66 | cf59 b2af | 0100 004d | 8997 a803 | 0000 4989 
  0x000001afb259cf80: a7a0 0300 | 0041 c787 | 4404 0000 | 0400 0000 | ffd0 4883 | ec10 f20f | 1104 2448 | 83ec 1048 
  0x000001afb259cfa0: 8904 2448 | c744 2408 | 0000 0000 | 41c7 8744 | 0400 0005 | 0000 00f0 | 8344 24c0 | 0049 3baf 
  0x000001afb259cfc0: 4804 0000 | 0f87 0e00 | 0000 4183 | bf40 0400 | 0000 0f84 | 2000 0000 | 498b cf4c | 8be4 4883 
  0x000001afb259cfe0: ec20 4883 | e4f0 48b8 | 90a9 673d | f97f 0000 | ffd0 498b | e44d 33e4 | 41c7 8744 | 0400 0008 
  0x000001afb259d000: 0000 0049 | c787 a003 | 0000 0000 | 0000 49c7 | 87b0 0300 | 0000 0000 | 0049 c787 | a803 0000 
  0x000001afb259d020: 0000 0000 | 4d8b 9f30 | 0400 0041 | c783 0001 | 0000 0000 | 0000 49bb | baa5 59b2 | af01 0000 
  0x000001afb259d040: 4c3b 5d18 | 0f85 3102 | 0000 488b | 0424 4883 | c410 4885 | c00f 840b | 0200 00a8 | 030f 8508 
  0x000001afb259d060: 0000 0048 | 8b00 e9fb | 0100 00a8 | 010f 8509 | 0000 0048 | 8b40 fee9 | ea01 0000 | 488b 40ff 
  0x000001afb259d080: 4180 7f38 | 000f 84db | 0100 0048 | 83f8 000f | 84d1 0100 | 004d 8b5f | 2849 83fb | 000f 8414 
  0x000001afb259d0a0: 0000 0049 | 83eb 084d | 895f 284d | 035f 3049 | 8903 e9af | 0100 0048 | 81ec d000 | 0000 4889 
  0x000001afb259d0c0: 0424 4889 | 4c24 0848 | 8954 2410 | 4889 7424 | 1848 897c | 2420 4c89 | 4424 284c | 894c 2430 
  0x000001afb259d0e0: 4c89 5424 | 384c 895c | 2440 f20f | 1144 2450 | f20f 114c | 2458 f20f | 1154 2460 | f20f 115c 
  0x000001afb259d100: 2468 f20f | 1164 2470 | f20f 116c | 2478 f20f | 11b4 2480 | 0000 00f2 | 0f11 bc24 | 8800 0000 
  0x000001afb259d120: f244 0f11 | 8424 9000 | 0000 f244 | 0f11 8c24 | 9800 0000 | f244 0f11 | 9424 a000 | 0000 f244 
  0x000001afb259d140: 0f11 9c24 | a800 0000 | f244 0f11 | a424 b000 | 0000 f244 | 0f11 ac24 | b800 0000 | f244 0f11 
  0x000001afb259d160: b424 c000 | 0000 f244 | 0f11 bc24 | c800 0000 | 498b d748 | 8bc8 4883 | ec20 40f6 | c40f 0f84 
  0x000001afb259d180: 1900 0000 | 4883 ec08 | 48b8 e007 | 5b3d f97f | 0000 ffd0 | 4883 c408 | e90c 0000 | 0048 b8e0 
  0x000001afb259d1a0: 075b 3df9 | 7f00 00ff | d048 83c4 | 20f2 440f | 10bc 24c8 | 0000 00f2 | 440f 10b4 | 24c0 0000 
  0x000001afb259d1c0: 00f2 440f | 10ac 24b8 | 0000 00f2 | 440f 10a4 | 24b0 0000 | 00f2 440f | 109c 24a8 | 0000 00f2 
  0x000001afb259d1e0: 440f 1094 | 24a0 0000 | 00f2 440f | 108c 2498 | 0000 00f2 | 440f 1084 | 2490 0000 | 00f2 0f10 
  0x000001afb259d200: bc24 8800 | 0000 f20f | 10b4 2480 | 0000 00f2 | 0f10 6c24 | 78f2 0f10 | 6424 70f2 | 0f10 5c24 
  0x000001afb259d220: 68f2 0f10 | 5424 60f2 | 0f10 4c24 | 58f2 0f10 | 4424 504c | 8b5c 2440 | 4c8b 5424 | 384c 8b4c 
  0x000001afb259d240: 2430 4c8b | 4424 2848 | 8b7c 2420 | 488b 7424 | 1848 8b54 | 2410 488b | 4c24 0848 | 8b04 2448 
  0x000001afb259d260: 81c4 d000 | 0000 4889 | 4510 4883 | ec10 4889 | 0424 48c7 | 4424 0800 | 0000 0041 | 83bf c804 
  0x000001afb259d280: 0000 020f | 85bf 0000 | 0048 81ec | 8000 0000 | 4889 4424 | 7848 894c | 2470 4889 | 5424 6848 
  0x000001afb259d2a0: 895c 2460 | 4889 6c24 | 5048 8974 | 2448 4889 | 7c24 404c | 8944 2438 | 4c89 4c24 | 304c 8954 
  0x000001afb259d2c0: 2428 4c89 | 5c24 204c | 8964 2418 | 4c89 6c24 | 104c 8974 | 2408 4c89 | 3c24 4c8b | e448 83ec 
  0x000001afb259d2e0: 2048 83e4 | f048 b8c0 | 229e 3df9 | 7f00 00ff | d049 8be4 | 4c8b 3c24 | 4c8b 7424 | 084c 8b6c 
  0x000001afb259d300: 2410 4c8b | 6424 184c | 8b5c 2420 | 4c8b 5424 | 284c 8b4c | 2430 4c8b | 4424 3848 | 8b7c 2440 
  0x000001afb259d320: 488b 7424 | 4848 8b6c | 2450 488b | 5c24 6048 | 8b54 2468 | 488b 4c24 | 7048 8b44 | 2478 4881 
  0x000001afb259d340: c480 0000 | 004d 33e4 | 488b 5de8 | 4c8b 6b08 | 4d8d 6d38 | 4983 7f08 | 000f 84b5 | 0000 00e8 
  0x000001afb259d360: 0500 0000 | e990 0000 | 0048 8d44 | 2408 4c89 | 6dc0 498b | cf49 89af | b003 0000 | 4989 87a0 
  0x000001afb259d380: 0300 0048 | 83ec 2040 | f6c4 0f0f | 8419 0000 | 0048 83ec | 0848 b800 | 6c66 3df9 | 7f00 00ff 
  0x000001afb259d3a0: d048 83c4 | 08e9 0c00 | 0000 48b8 | 006c 663d | f97f 0000 | ffd0 4883 | c420 49c7 | 87a0 0300 
  0x000001afb259d3c0: 0000 0000 | 0049 c787 | b003 0000 | 0000 0000 | 49c7 87a8 | 0300 0000 | 0000 0049 | 837f 0800 
  0x000001afb259d3e0: 0f84 0500 | 0000 e9d5 | 3aff ff4c | 8b6d c04c | 8b75 c84e | 8d74 f500 | c348 b940 | d5c5 3df9 
  0x000001afb259d400: 7f00 0048 | 83e4 f048 | b870 4a8c | 3df9 7f00 | 00ff d0f4 | 448b 5b28 | 41f6 c320 | 0f84 7301 
  0x000001afb259d420: 0000 488d | 55a8 4c8b | 5a08 4d85 | db0f 85b5 | 0000 00e8 | 0500 0000 | e990 0000 | 0048 8d44 
  0x000001afb259d440: 2408 4c89 | 6dc0 498b | cf49 89af | b003 0000 | 4989 87a0 | 0300 0048 | 83ec 2040 | f6c4 0f0f 
  0x000001afb259d460: 8419 0000 | 0048 83ec | 0848 b830 | 6b66 3df9 | 7f00 00ff | d048 83c4 | 08e9 0c00 | 0000 48b8 
  0x000001afb259d480: 306b 663d | f97f 0000 | ffd0 4883 | c420 49c7 | 87a0 0300 | 0000 0000 | 0049 c787 | b003 0000 
  0x000001afb259d4a0: 0000 0000 | 49c7 87a8 | 0300 0000 | 0000 0049 | 837f 0800 | 0f84 0500 | 0000 e901 | 3aff ff4c 
  0x000001afb259d4c0: 8b6d c04c | 8b75 c84e | 8d74 f500 | c348 b940 | d5c5 3df9 | 7f00 0048 | 83e4 f048 | b870 4a8c 
  0x000001afb259d4e0: 3df9 7f00 | 00ff d0f4 | 4c89 6dc0 | 4c8b 4a08 | 48c7 4208 | 0000 0000 | 458b 8718 | 0600 004f 
  0x000001afb259d500: 3b4c 07f8 | 0f85 4900 | 0000 4183 | af18 0600 | 0008 4f3b | 4c07 f00f | 842a 0000 | 0049 8b01 
  0x000001afb259d520: a802 0f85 | 1200 0000 | 4c8b c049 | 83c8 01f0 | 4d0f b101 | 0f84 0d00 | 0000 4183 | 8718 0600 
  0x000001afb259d540: 0008 e90c | 0000 0049 | ff8f 5005 | 0000 e93e | 0000 004c | 894a 0848 | 8bca 4883 | ec20 40f6 
  0x000001afb259d560: c40f 0f84 | 1900 0000 | 4883 ec08 | 48b8 f03d | 663d f97f | 0000 ffd0 | 4883 c408 | e90c 0000 
  0x000001afb259d580: 0048 b8f0 | 3d66 3df9 | 7f00 00ff | d048 83c4 | 204c 8b6d | c049 ba41 | aded 3df9 | 7f00 0041 
  0x000001afb259d5a0: 803a 000f | 843e 0000 | 0048 8b55 | e849 8bcf | 4883 ec20 | 40f6 c40f | 0f84 1900 | 0000 4883 
  0x000001afb259d5c0: ec08 48b8 | 10ee 9d3d | f97f 0000 | ffd0 4883 | c408 e90c | 0000 0048 | b810 ee9d | 3df9 7f00 
  0x000001afb259d5e0: 00ff d048 | 83c4 2048 | 8b04 2448 | 83c4 10f2 | 0f10 0424 | 4883 c410 | 4c8b 5d18 | 41ff d34c 
  0x000001afb259d600: 8b5d f8c9 | 5f49 8be3 | ffe7 ba00 | 0000 00e8 | 0500 0000 | e990 0000 | 0048 8d44 | 2408 4c89 
  0x000001afb259d620: 6dc0 498b | cf49 89af | b003 0000 | 4989 87a0 | 0300 0048 | 83ec 2040 | f6c4 0f0f | 8419 0000 
  0x000001afb259d640: 0048 83ec | 0848 b8a0 | 3166 3df9 | 7f00 00ff | d048 83c4 | 08e9 0c00 | 0000 48b8 | a031 663d 
  0x000001afb259d660: f97f 0000 | ffd0 4883 | c420 49c7 | 87a0 0300 | 0000 0000 | 0049 c787 | b003 0000 | 0000 0000 
  0x000001afb259d680: 49c7 87a8 | 0300 0000 | 0000 0049 | 837f 0800 | 0f84 0500 | 0000 e925 | 38ff ff4c | 8b6d c04c 
  0x000001afb259d6a0: 8b75 c84e | 8d74 f500 | c348 8b5d | e8e9 40f6 | ffff 660f | 1f44 0000 
[/MachCode]

---------------  P R O C E S S  ---------------

Threads class SMR info:
_java_thread_list=0x000001af894a09d0, length=20, elements={
0x000001afbd8c1800, 0x000001afbd8c8740, 0x000001afbd8cb460, 0x000001afbd8cded0,
0x000001afbd8d9960, 0x000001afbd8de500, 0x000001afbd8def60, 0x000001afbd8e0a20,
0x000001afbdb94210, 0x000001afbdb95c50, 0x000001afbdb948a0, 0x000001afbdb934f0,
0x000001afbdb93b80, 0x000001afbdb955c0, 0x000001afbdb96970, 0x000001af856dbb60,
0x000001af856d8050, 0x000001af856d6ca0, 0x000001af856d7330, 0x000001af856d79c0
}

Java Threads: ( => current thread )
  0x000001afbd8c1800 JavaThread "Reference Handler"          daemon [_thread_blocked, id=12204, stack(0x000000abb3700000,0x000000abb3800000) (1024K)]
  0x000001afbd8c8740 JavaThread "Finalizer"                  daemon [_thread_blocked, id=12976, stack(0x000000abb3800000,0x000000abb3900000) (1024K)]
  0x000001afbd8cb460 JavaThread "Signal Dispatcher"          daemon [_thread_blocked, id=2960, stack(0x000000abb3900000,0x000000abb3a00000) (1024K)]
  0x000001afbd8cded0 JavaThread "Attach Listener"            daemon [_thread_blocked, id=12128, stack(0x000000abb3a00000,0x000000abb3b00000) (1024K)]
  0x000001afbd8d9960 JavaThread "Service Thread"             daemon [_thread_blocked, id=12284, stack(0x000000abb3b00000,0x000000abb3c00000) (1024K)]
  0x000001afbd8de500 JavaThread "Monitor Deflation Thread"   daemon [_thread_blocked, id=12240, stack(0x000000abb3c00000,0x000000abb3d00000) (1024K)]
  0x000001afbd8def60 JavaThread "C2 CompilerThread0"         daemon [_thread_blocked, id=4256, stack(0x000000abb3d00000,0x000000abb3e00000) (1024K)]
  0x000001afbd8e0a20 JavaThread "C1 CompilerThread0"         daemon [_thread_blocked, id=5200, stack(0x000000abb3e00000,0x000000abb3f00000) (1024K)]
  0x000001afbdb94210 JavaThread "Notification Thread"        daemon [_thread_blocked, id=7748, stack(0x000000abb3f00000,0x000000abb4000000) (1024K)]
  0x000001afbdb95c50 JavaThread "Common-Cleaner"             daemon [_thread_blocked, id=11424, stack(0x000000abb4000000,0x000000abb4100000) (1024K)]
  0x000001afbdb948a0 JavaThread "mysql-cj-abandoned-connection-cleanup" daemon [_thread_blocked, id=10484, stack(0x000000abb4500000,0x000000abb4600000) (1024K)]
  0x000001afbdb934f0 JavaThread "Hibernate Connection Pool Validation Thread" daemon [_thread_blocked, id=8180, stack(0x000000abb4600000,0x000000abb4700000) (1024K)]
  0x000001afbdb93b80 JavaThread "Java2D Disposer"            daemon [_thread_blocked, id=5272, stack(0x000000abb4700000,0x000000abb4800000) (1024K)]
  0x000001afbdb955c0 JavaThread "AWT-Shutdown"                      [_thread_blocked, id=4752, stack(0x000000abb4800000,0x000000abb4900000) (1024K)]
=>0x000001afbdb96970 JavaThread "AWT-Windows"                daemon [_thread_in_native, id=11944, stack(0x000000abb4900000,0x000000abb4a00000) (1024K)]
  0x000001af856dbb60 JavaThread "AWT-EventQueue-0"                  [_thread_in_native, id=9948, stack(0x000000abb4a00000,0x000000abb4b00000) (1024K)]
  0x000001af856d8050 JavaThread "Hibernate Connection Pool Validation Thread" daemon [_thread_blocked, id=12892, stack(0x000000abb4100000,0x000000abb4200000) (1024K)]
  0x000001af856d6ca0 JavaThread "DestroyJavaVM"                     [_thread_blocked, id=4460, stack(0x000000abb2f00000,0x000000abb3000000) (1024K)]
  0x000001af856d7330 JavaThread "TimerQueue"                 daemon [_thread_blocked, id=5748, stack(0x000000abb5000000,0x000000abb5100000) (1024K)]
  0x000001af856d79c0 JavaThread "Swing-Shell"                daemon [_thread_blocked, id=12748, stack(0x000000abb4f00000,0x000000abb5000000) (1024K)]
Total: 20

Other Threads:
  0x000001afa29ec870 VMThread "VM Thread"                           [id=8824, stack(0x000000abb3600000,0x000000abb3700000) (1024K)]
  0x000001afa29ddbe0 WatcherThread "VM Periodic Task Thread"        [id=10572, stack(0x000000abb3500000,0x000000abb3600000) (1024K)]
  0x000001afa2963780 WorkerThread "GC Thread#0"                     [id=11776, stack(0x000000abb3000000,0x000000abb3100000) (1024K)]
  0x000001afff611be0 WorkerThread "GC Thread#1"                     [id=11544, stack(0x000000abb4200000,0x000000abb4300000) (1024K)]
  0x000001afff5e4d30 WorkerThread "GC Thread#2"                     [id=5492, stack(0x000000abb4300000,0x000000abb4400000) (1024K)]
  0x000001afff5e50e0 WorkerThread "GC Thread#3"                     [id=11028, stack(0x000000abb4400000,0x000000abb4500000) (1024K)]
  0x000001afa296e930 ConcurrentGCThread "G1 Main Marker"            [id=11584, stack(0x000000abb3100000,0x000000abb3200000) (1024K)]
  0x000001afa296f440 WorkerThread "G1 Conc#0"                       [id=1856, stack(0x000000abb3200000,0x000000abb3300000) (1024K)]
  0x000001afa29cd6d0 ConcurrentGCThread "G1 Refine#0"               [id=8896, stack(0x000000abb3300000,0x000000abb3400000) (1024K)]
  0x000001afa29ce250 ConcurrentGCThread "G1 Service"                [id=8996, stack(0x000000abb3400000,0x000000abb3500000) (1024K)]
Total: 10

Threads with active compile tasks:
Total: 0

VM state: not at safepoint (normal execution)

VM Mutex/Monitor currently owned by a thread: None

Heap address: 0x00000000c0200000, size: 1022 MB, Compressed Oops mode: 32-bit

CDS archive(s) mapped at: [0x000001afbe000000-0x000001afbed70000-0x000001afbed70000), size 14090240, SharedBaseAddress: 0x000001afbe000000, ArchiveRelocationMode: 1.
Compressed class space mapped at: 0x000001afbf000000-0x000001afff000000, reserved size: 1073741824
Narrow klass base: 0x000001afbe000000, Narrow klass shift: 0, Narrow klass range: 0x41000000

GC Precious Log:
 CardTable entry size: 512
 Card Set container configuration: InlinePtr #cards 5 size 8 Array Of Cards #cards 10 size 36 Howl #buckets 4 coarsen threshold 1843 Howl Bitmap #cards 512 size 80 coarsen threshold 460 Card regions per heap region 1 cards per card region 2048
 CPUs: 4 total, 4 available
 Memory: 4085M
 Large Page Support: Disabled
 NUMA Support: Disabled
 Compressed Oops: Enabled (32-bit)
 Heap Region Size: 1M
 Heap Min Capacity: 8M
 Heap Initial Capacity: 64M
 Heap Max Capacity: 1022M
 Pre-touch: Disabled
 Parallel Workers: 4
 Concurrent Workers: 1
 Concurrent Refinement Workers: 4
 Periodic GC: Disabled

Heap:
 garbage-first heap   total reserved 1046528K, committed 46080K, used 39168K [0x00000000c0200000, 0x0000000100000000)
  region size 1024K, 14 young (14336K), 1 survivors (1024K)
 Metaspace       used 60519K, committed 61568K, reserved 1114112K
  class space    used 7503K, committed 7936K, reserved 1048576K

Heap Regions: E=young(eden), S=young(survivor), O=old, HS=humongous(starts), HC=humongous(continues), CS=collection set, F=free, TAMS=top-at-mark-start, PB=parsable bottom
|   0|0x00000000c0200000, 0x00000000c0300000, 0x00000000c0300000|100%|HS|  |TAMS 0x00000000c0200000| PB 0x00000000c0200000| Complete |  0
|   1|0x00000000c0300000, 0x00000000c0400000, 0x00000000c0400000|100%| O|  |TAMS 0x00000000c0300000| PB 0x00000000c0300000| Untracked |  0
|   2|0x00000000c0400000, 0x00000000c0500000, 0x00000000c0500000|100%| O|  |TAMS 0x00000000c0400000| PB 0x00000000c0400000| Untracked |  0
|   3|0x00000000c0500000, 0x00000000c0600000, 0x00000000c0600000|100%| O|  |TAMS 0x00000000c0500000| PB 0x00000000c0500000| Untracked |  0
|   4|0x00000000c0600000, 0x00000000c0700000, 0x00000000c0700000|100%| O|  |TAMS 0x00000000c0600000| PB 0x00000000c0600000| Untracked |  0
|   5|0x00000000c0700000, 0x00000000c0800000, 0x00000000c0800000|100%| O|  |TAMS 0x00000000c0700000| PB 0x00000000c0700000| Untracked |  0
|   6|0x00000000c0800000, 0x00000000c0900000, 0x00000000c0900000|100%| O|  |TAMS 0x00000000c0800000| PB 0x00000000c0800000| Untracked |  0
|   7|0x00000000c0900000, 0x00000000c0a00000, 0x00000000c0a00000|100%| O|  |TAMS 0x00000000c0900000| PB 0x00000000c0900000| Untracked |  0
|   8|0x00000000c0a00000, 0x00000000c0b00000, 0x00000000c0b00000|100%| O|  |TAMS 0x00000000c0a00000| PB 0x00000000c0a00000| Untracked |  0
|   9|0x00000000c0b00000, 0x00000000c0c00000, 0x00000000c0c00000|100%| O|  |TAMS 0x00000000c0b00000| PB 0x00000000c0b00000| Untracked |  0
|  10|0x00000000c0c00000, 0x00000000c0d00000, 0x00000000c0d00000|100%| O|  |TAMS 0x00000000c0c00000| PB 0x00000000c0c00000| Untracked |  0
|  11|0x00000000c0d00000, 0x00000000c0e00000, 0x00000000c0e00000|100%| O|  |TAMS 0x00000000c0d00000| PB 0x00000000c0d00000| Untracked |  0
|  12|0x00000000c0e00000, 0x00000000c0f00000, 0x00000000c0f00000|100%| O|  |TAMS 0x00000000c0e00000| PB 0x00000000c0e00000| Untracked |  0
|  13|0x00000000c0f00000, 0x00000000c1000000, 0x00000000c1000000|100%|HS|  |TAMS 0x00000000c0f00000| PB 0x00000000c0f00000| Complete |  0
|  14|0x00000000c1000000, 0x00000000c1100000, 0x00000000c1100000|100%|HC|  |TAMS 0x00000000c1000000| PB 0x00000000c1000000| Complete |  0
|  15|0x00000000c1100000, 0x00000000c1200000, 0x00000000c1200000|100%|HC|  |TAMS 0x00000000c1100000| PB 0x00000000c1100000| Complete |  0
|  16|0x00000000c1200000, 0x00000000c1300000, 0x00000000c1300000|100%|HC|  |TAMS 0x00000000c1200000| PB 0x00000000c1200000| Complete |  0
|  17|0x00000000c1300000, 0x00000000c1400000, 0x00000000c1400000|100%| O|  |TAMS 0x00000000c1300000| PB 0x00000000c1300000| Untracked |  0
|  18|0x00000000c1400000, 0x00000000c1500000, 0x00000000c1500000|100%| O|  |TAMS 0x00000000c1400000| PB 0x00000000c1400000| Untracked |  0
|  19|0x00000000c1500000, 0x00000000c1600000, 0x00000000c1600000|100%| O|  |TAMS 0x00000000c1500000| PB 0x00000000c1500000| Untracked |  0
|  20|0x00000000c1600000, 0x00000000c1700000, 0x00000000c1700000|100%| O|  |TAMS 0x00000000c1600000| PB 0x00000000c1600000| Untracked |  0
|  21|0x00000000c1700000, 0x00000000c1800000, 0x00000000c1800000|100%| O|Cm|TAMS 0x00000000c1700000| PB 0x00000000c1700000| Complete |  0
|  22|0x00000000c1800000, 0x00000000c1900000, 0x00000000c1900000|100%| O|  |TAMS 0x00000000c1800000| PB 0x00000000c1800000| Untracked |  0
|  23|0x00000000c1900000, 0x00000000c1900000, 0x00000000c1a00000|  0%| F|  |TAMS 0x00000000c1900000| PB 0x00000000c1900000| Untracked |  0
|  24|0x00000000c1a00000, 0x00000000c1b00000, 0x00000000c1b00000|100%| O|Cm|TAMS 0x00000000c1a00000| PB 0x00000000c1a00000| Complete |  0
|  25|0x00000000c1b00000, 0x00000000c1c00000, 0x00000000c1c00000|100%| O|  |TAMS 0x00000000c1b00000| PB 0x00000000c1b00000| Untracked |  0
|  26|0x00000000c1c00000, 0x00000000c1ca5540, 0x00000000c1d00000| 64%| O|  |TAMS 0x00000000c1c00000| PB 0x00000000c1c00000| Untracked |  0
|  27|0x00000000c1d00000, 0x00000000c1d00000, 0x00000000c1e00000|  0%| F|  |TAMS 0x00000000c1d00000| PB 0x00000000c1d00000| Untracked |  0
|  28|0x00000000c1e00000, 0x00000000c1e00000, 0x00000000c1f00000|  0%| F|  |TAMS 0x00000000c1e00000| PB 0x00000000c1e00000| Untracked |  0
|  29|0x00000000c1f00000, 0x00000000c1f00000, 0x00000000c2000000|  0%| F|  |TAMS 0x00000000c1f00000| PB 0x00000000c1f00000| Untracked |  0
|  30|0x00000000c2000000, 0x00000000c209ac40, 0x00000000c2100000| 60%| S|CS|TAMS 0x00000000c2000000| PB 0x00000000c2000000| Complete |  0
|  31|0x00000000c2100000, 0x00000000c2100000, 0x00000000c2200000|  0%| F|  |TAMS 0x00000000c2100000| PB 0x00000000c2100000| Untracked |  0
|  32|0x00000000c2200000, 0x00000000c22cfc20, 0x00000000c2300000| 81%| E|  |TAMS 0x00000000c2200000| PB 0x00000000c2200000| Complete |  0
|  33|0x00000000c2300000, 0x00000000c2400000, 0x00000000c2400000|100%| E|CS|TAMS 0x00000000c2300000| PB 0x00000000c2300000| Complete |  0
|  34|0x00000000c2400000, 0x00000000c2500000, 0x00000000c2500000|100%| E|CS|TAMS 0x00000000c2400000| PB 0x00000000c2400000| Complete |  0
|  35|0x00000000c2500000, 0x00000000c2600000, 0x00000000c2600000|100%| E|CS|TAMS 0x00000000c2500000| PB 0x00000000c2500000| Complete |  0
|  36|0x00000000c2600000, 0x00000000c2700000, 0x00000000c2700000|100%| E|CS|TAMS 0x00000000c2600000| PB 0x00000000c2600000| Complete |  0
|  37|0x00000000c2700000, 0x00000000c2800000, 0x00000000c2800000|100%| E|CS|TAMS 0x00000000c2700000| PB 0x00000000c2700000| Complete |  0
|  38|0x00000000c2800000, 0x00000000c2900000, 0x00000000c2900000|100%| E|CS|TAMS 0x00000000c2800000| PB 0x00000000c2800000| Complete |  0
|  39|0x00000000c2900000, 0x00000000c2a00000, 0x00000000c2a00000|100%| E|CS|TAMS 0x00000000c2900000| PB 0x00000000c2900000| Complete |  0
|  40|0x00000000c2a00000, 0x00000000c2b00000, 0x00000000c2b00000|100%| E|CS|TAMS 0x00000000c2a00000| PB 0x00000000c2a00000| Complete |  0
|  41|0x00000000c2b00000, 0x00000000c2c00000, 0x00000000c2c00000|100%| E|CS|TAMS 0x00000000c2b00000| PB 0x00000000c2b00000| Complete |  0
|  42|0x00000000c2c00000, 0x00000000c2d00000, 0x00000000c2d00000|100%| E|CS|TAMS 0x00000000c2c00000| PB 0x00000000c2c00000| Complete |  0
|  63|0x00000000c4100000, 0x00000000c4200000, 0x00000000c4200000|100%| E|CS|TAMS 0x00000000c4100000| PB 0x00000000c4100000| Complete |  0
|1021|0x00000000fff00000, 0x0000000100000000, 0x0000000100000000|100%| E|CS|TAMS 0x00000000fff00000| PB 0x00000000fff00000| Complete |  0

Card table byte_map: [0x000001afba260000,0x000001afba460000] _byte_map_base: 0x000001afb9c5f000

Marking Bits: (CMBitMap*) 0x000001afa2963e90
 Bits: [0x000001afba460000, 0x000001afbb458000)

Polling page: 0x000001afa07d0000

Metaspace:

Usage:
  Non-class:     51.77 MB used.
      Class:      7.33 MB used.
       Both:     59.10 MB used.

Virtual space:
  Non-class space:       64.00 MB reserved,      52.38 MB ( 82%) committed,  1 nodes.
      Class space:        1.00 GB reserved,       7.75 MB ( <1%) committed,  1 nodes.
             Both:        1.06 GB reserved,      60.12 MB (  6%) committed. 

Chunk freelists:
   Non-Class:  11.19 MB
       Class:  8.38 MB
        Both:  19.57 MB

MaxMetaspaceSize: unlimited
CompressedClassSpaceSize: 1.00 GB
Initial GC threshold: 21.00 MB
Current GC threshold: 100.12 MB
CDS: on
 - commit_granule_bytes: 65536.
 - commit_granule_words: 8192.
 - virtual_space_node_default_size: 8388608.
 - enlarge_chunks_in_place: 1.
 - use_allocation_guard: 0.


Internal statistics:

num_allocs_failed_limit: 9.
num_arena_births: 1096.
num_arena_deaths: 300.
num_vsnodes_births: 2.
num_vsnodes_deaths: 0.
num_space_committed: 962.
num_space_uncommitted: 0.
num_chunks_returned_to_freelist: 340.
num_chunks_taken_from_freelist: 2601.
num_chunk_merges: 67.
num_chunk_splits: 1789.
num_chunks_enlarged: 1252.
num_inconsistent_stats: 0.

CodeHeap 'non-profiled nmethods': size=120064Kb used=4345Kb max_used=4345Kb free=115718Kb
 bounds [0x000001afb2b20000, 0x000001afb2f70000, 0x000001afba060000]
CodeHeap 'profiled nmethods': size=120000Kb used=12408Kb max_used=14467Kb free=107591Kb
 bounds [0x000001afab060000, 0x000001afabe90000, 0x000001afb2590000]
CodeHeap 'non-nmethods': size=5696Kb used=2106Kb max_used=2152Kb free=3589Kb
 bounds [0x000001afb2590000, 0x000001afb2800000, 0x000001afb2b20000]
CodeCache: size=245760Kb, used=18859Kb, max_used=20964Kb, free=226898Kb
 total_blobs=9221, nmethods=8135, adapters=978, full_count=0
Compilation: enabled, stopped_count=0, restarted_count=0

Compilation events (20 events):
Event: 11971.634 Thread 0x000001afbd8e0a20 11421       3       javax.swing.plaf.basic.BasicMenuItemUI::paint (27 bytes)
Event: 11971.634 Thread 0x000001afbd8e0a20 nmethod 11421 0x000001afab4cce88 code [0x000001afab4ccfa0, 0x000001afab4cd178]
Event: 11971.634 Thread 0x000001afbd8e0a20 11422       3       sun.swing.MenuItemLayoutHelper::layoutMenuItem (83 bytes)
Event: 11971.636 Thread 0x000001afbd8e0a20 nmethod 11422 0x000001afab836188 code [0x000001afab836360, 0x000001afab8369a0]
Event: 11971.636 Thread 0x000001afbd8e0a20 11423       1       javax.swing.plaf.basic.BasicScrollBarUI::getTrackBounds (5 bytes)
Event: 11971.636 Thread 0x000001afbd8e0a20 nmethod 11423 0x000001afb2c2ba08 code [0x000001afb2c2bb20, 0x000001afb2c2bbe8]
Event: 11971.636 Thread 0x000001afbd8e0a20 11424       1       javax.swing.plaf.basic.BasicScrollBarUI::getThumbBounds (5 bytes)
Event: 11971.636 Thread 0x000001afbd8e0a20 nmethod 11424 0x000001afb2c2b708 code [0x000001afb2c2b820, 0x000001afb2c2b8e8]
Event: 11975.425 Thread 0x000001afbd8e0a20 11425       3       sun.java2d.windows.GDIWindowSurfaceData::getSurfaceType (183 bytes)
Event: 11975.430 Thread 0x000001afbd8e0a20 nmethod 11425 0x000001afab7bb288 code [0x000001afab7bb480, 0x000001afab7bc358]
Event: 11975.430 Thread 0x000001afbd8e0a20 11426       3       sun.java2d.windows.GDIWindowSurfaceData::<init> (203 bytes)
Event: 11975.435 Thread 0x000001afbd8e0a20 nmethod 11426 0x000001afab77ca08 code [0x000001afab77ccc0, 0x000001afab77efc8]
Event: 11975.436 Thread 0x000001afbd8e0a20 11427       3       sun.java2d.SurfaceData::<init> (10 bytes)
Event: 11975.436 Thread 0x000001afbd8e0a20 nmethod 11427 0x000001afab4d4a08 code [0x000001afab4d4b40, 0x000001afab4d4d38]
Event: 11975.436 Thread 0x000001afbd8e0a20 11428  s    3       sun.awt.Win32GraphicsConfig::getSolidLoops (39 bytes)
Event: 11975.436 Thread 0x000001afbd8e0a20 nmethod 11428 0x000001afab16b888 code [0x000001afab16b9c0, 0x000001afab16bda0]
Event: 11975.436 Thread 0x000001afbd8e0a20 11429       3       sun.java2d.SurfaceData::setBlitProxyKey (12 bytes)
Event: 11975.436 Thread 0x000001afbd8e0a20 nmethod 11429 0x000001afab4d6a88 code [0x000001afab4d6ba0, 0x000001afab4d6d90]
Event: 11975.436 Thread 0x000001afbd8e0a20 11430       3       sun.java2d.SurfaceDataProxy::isCachingAllowed (4 bytes)
Event: 11975.436 Thread 0x000001afbd8e0a20 nmethod 11430 0x000001afab1b9008 code [0x000001afab1b9120, 0x000001afab1b9220]

GC Heap History (20 events):
Event: 59.627 GC heap before
{Heap before GC invocations=14 (full 0):
 garbage-first heap   total reserved 1046528K, committed 43008K, used 28910K [0x00000000c0200000, 0x0000000100000000)
  region size 1024K, 9 young (9216K), 2 survivors (2048K)
 Metaspace       used 58065K, committed 58752K, reserved 1114112K
  class space    used 7454K, committed 7744K, reserved 1048576K
}
Event: 59.632 GC heap after
{Heap after GC invocations=15 (full 0):
 garbage-first heap   total reserved 1046528K, committed 43008K, used 24870K [0x00000000c0200000, 0x0000000100000000)
  region size 1024K, 2 young (2048K), 2 survivors (2048K)
 Metaspace       used 58065K, committed 58752K, reserved 1114112K
  class space    used 7454K, committed 7744K, reserved 1048576K
}
Event: 111.921 GC heap before
{Heap before GC invocations=16 (full 0):
 garbage-first heap   total reserved 1046528K, committed 45056K, used 37158K [0x00000000c0200000, 0x0000000100000000)
  region size 1024K, 13 young (13312K), 2 survivors (2048K)
 Metaspace       used 58646K, committed 59456K, reserved 1114112K
  class space    used 7471K, committed 7808K, reserved 1048576K
}
Event: 111.927 GC heap after
{Heap after GC invocations=17 (full 0):
 garbage-first heap   total reserved 1046528K, committed 45056K, used 26327K [0x00000000c0200000, 0x0000000100000000)
  region size 1024K, 2 young (2048K), 2 survivors (2048K)
 Metaspace       used 58646K, committed 59456K, reserved 1114112K
  class space    used 7471K, committed 7808K, reserved 1048576K
}
Event: 347.867 GC heap before
{Heap before GC invocations=17 (full 0):
 garbage-first heap   total reserved 1046528K, committed 45056K, used 37591K [0x00000000c0200000, 0x0000000100000000)
  region size 1024K, 13 young (13312K), 2 survivors (2048K)
 Metaspace       used 59147K, committed 59904K, reserved 1114112K
  class space    used 7500K, committed 7808K, reserved 1048576K
}
Event: 347.872 GC heap after
{Heap after GC invocations=18 (full 0):
 garbage-first heap   total reserved 1046528K, committed 45056K, used 26306K [0x00000000c0200000, 0x0000000100000000)
  region size 1024K, 1 young (1024K), 1 survivors (1024K)
 Metaspace       used 59147K, committed 59904K, reserved 1114112K
  class space    used 7500K, committed 7808K, reserved 1048576K
}
Event: 417.151 GC heap before
{Heap before GC invocations=18 (full 0):
 garbage-first heap   total reserved 1046528K, committed 45056K, used 37570K [0x00000000c0200000, 0x0000000100000000)
  region size 1024K, 12 young (12288K), 1 survivors (1024K)
 Metaspace       used 59492K, committed 60224K, reserved 1114112K
  class space    used 7500K, committed 7808K, reserved 1048576K
}
Event: 417.155 GC heap after
{Heap after GC invocations=19 (full 0):
 garbage-first heap   total reserved 1046528K, committed 45056K, used 26605K [0x00000000c0200000, 0x0000000100000000)
  region size 1024K, 1 young (1024K), 1 survivors (1024K)
 Metaspace       used 59492K, committed 60224K, reserved 1114112K
  class space    used 7500K, committed 7808K, reserved 1048576K
}
Event: 419.481 GC heap before
{Heap before GC invocations=20 (full 0):
 garbage-first heap   total reserved 1046528K, committed 46080K, used 38893K [0x00000000c0200000, 0x0000000100000000)
  region size 1024K, 13 young (13312K), 1 survivors (1024K)
 Metaspace       used 59741K, committed 60480K, reserved 1114112K
  class space    used 7504K, committed 7808K, reserved 1048576K
}
Event: 419.484 GC heap after
{Heap after GC invocations=21 (full 0):
 garbage-first heap   total reserved 1046528K, committed 46080K, used 26986K [0x00000000c0200000, 0x0000000100000000)
  region size 1024K, 1 young (1024K), 1 survivors (1024K)
 Metaspace       used 59741K, committed 60480K, reserved 1114112K
  class space    used 7504K, committed 7808K, reserved 1048576K
}
Event: 814.168 GC heap before
{Heap before GC invocations=21 (full 0):
 garbage-first heap   total reserved 1046528K, committed 46080K, used 40298K [0x00000000c0200000, 0x0000000100000000)
  region size 1024K, 14 young (14336K), 1 survivors (1024K)
 Metaspace       used 59907K, committed 60672K, reserved 1114112K
  class space    used 7505K, committed 7872K, reserved 1048576K
}
Event: 814.177 GC heap after
{Heap after GC invocations=22 (full 0):
 garbage-first heap   total reserved 1046528K, committed 46080K, used 27034K [0x00000000c0200000, 0x0000000100000000)
  region size 1024K, 2 young (2048K), 2 survivors (2048K)
 Metaspace       used 59907K, committed 60672K, reserved 1114112K
  class space    used 7505K, committed 7872K, reserved 1048576K
}
Event: 892.414 GC heap before
{Heap before GC invocations=22 (full 0):
 garbage-first heap   total reserved 1046528K, committed 46080K, used 39322K [0x00000000c0200000, 0x0000000100000000)
  region size 1024K, 14 young (14336K), 2 survivors (2048K)
 Metaspace       used 60088K, committed 60928K, reserved 1114112K
  class space    used 7506K, committed 7872K, reserved 1048576K
}
Event: 892.418 GC heap after
{Heap after GC invocations=23 (full 0):
 garbage-first heap   total reserved 1046528K, committed 46080K, used 27128K [0x00000000c0200000, 0x0000000100000000)
  region size 1024K, 1 young (1024K), 1 survivors (1024K)
 Metaspace       used 60088K, committed 60928K, reserved 1114112K
  class space    used 7506K, committed 7872K, reserved 1048576K
}
Event: 1382.750 GC heap before
{Heap before GC invocations=24 (full 0):
 garbage-first heap   total reserved 1046528K, committed 46080K, used 40440K [0x00000000c0200000, 0x0000000100000000)
  region size 1024K, 14 young (14336K), 1 survivors (1024K)
 Metaspace       used 60247K, committed 61056K, reserved 1114112K
  class space    used 7506K, committed 7872K, reserved 1048576K
}
Event: 1382.754 GC heap after
{Heap after GC invocations=25 (full 0):
 garbage-first heap   total reserved 1046528K, committed 46080K, used 26977K [0x00000000c0200000, 0x0000000100000000)
  region size 1024K, 1 young (1024K), 1 survivors (1024K)
 Metaspace       used 60247K, committed 61056K, reserved 1114112K
  class space    used 7506K, committed 7872K, reserved 1048576K
}
Event: 1418.705 GC heap before
{Heap before GC invocations=25 (full 0):
 garbage-first heap   total reserved 1046528K, committed 46080K, used 41313K [0x00000000c0200000, 0x0000000100000000)
  region size 1024K, 15 young (15360K), 1 survivors (1024K)
 Metaspace       used 60640K, committed 61440K, reserved 1114112K
  class space    used 7572K, committed 7936K, reserved 1048576K
}
Event: 1418.711 GC heap after
{Heap after GC invocations=26 (full 0):
 garbage-first heap   total reserved 1046528K, committed 46080K, used 27038K [0x00000000c0200000, 0x0000000100000000)
  region size 1024K, 1 young (1024K), 1 survivors (1024K)
 Metaspace       used 60640K, committed 61440K, reserved 1114112K
  class space    used 7572K, committed 7936K, reserved 1048576K
}
Event: 10248.922 GC heap before
{Heap before GC invocations=26 (full 0):
 garbage-first heap   total reserved 1046528K, committed 46080K, used 41374K [0x00000000c0200000, 0x0000000100000000)
  region size 1024K, 15 young (15360K), 1 survivors (1024K)
 Metaspace       used 60716K, committed 61504K, reserved 1114112K
  class space    used 7575K, committed 7936K, reserved 1048576K
}
Event: 10248.983 GC heap after
{Heap after GC invocations=27 (full 0):
 garbage-first heap   total reserved 1046528K, committed 46080K, used 26880K [0x00000000c0200000, 0x0000000100000000)
  region size 1024K, 1 young (1024K), 1 survivors (1024K)
 Metaspace       used 60716K, committed 61504K, reserved 1114112K
  class space    used 7575K, committed 7936K, reserved 1048576K
}

Dll operation events (14 events):
Event: 0.011 Loaded shared library C:\Program Files\Java\jdk-23\bin\java.dll
Event: 0.066 Loaded shared library C:\Program Files\Java\jdk-23\bin\jsvml.dll
Event: 0.132 Loaded shared library C:\Program Files\Java\jdk-23\bin\net.dll
Event: 0.134 Loaded shared library C:\Program Files\Java\jdk-23\bin\nio.dll
Event: 0.148 Loaded shared library C:\Program Files\Java\jdk-23\bin\zip.dll
Event: 0.239 Loaded shared library C:\Program Files\Java\jdk-23\bin\jimage.dll
Event: 0.485 Loaded shared library C:\Program Files\Java\jdk-23\bin\verify.dll
Event: 1.916 Loaded shared library C:\Program Files\Java\jdk-23\bin\extnet.dll
Event: 2.214 Loaded shared library C:\Program Files\Java\jdk-23\bin\sunmscapi.dll
Event: 4.045 Loaded shared library C:\Program Files\Java\jdk-23\bin\awt.dll
Event: 4.355 Loaded shared library C:\Program Files\Java\jdk-23\bin\freetype.dll
Event: 4.358 Loaded shared library C:\Program Files\Java\jdk-23\bin\fontmanager.dll
Event: 58.897 Loaded shared library C:\Windows\System32\ucrtbase.dll
Event: 58.900 Loaded shared library C:\Program Files\Java\jdk-23\bin\syslookup.dll

Deoptimization events (20 events):
Event: 10251.569 Thread 0x000001afbdb948a0 Uncommon trap: trap_request=0xfffffff4 fr.pc=0x000001afb2c6b230 relative=0x00000000000005f0
Event: 10251.569 Thread 0x000001afbdb948a0 Uncommon trap: reason=null_check action=make_not_entrant pc=0x000001afb2c6b230 method=jdk.internal.loader.BuiltinClassLoader.findMiscResource(Ljava/lang/String;)Ljava/util/List; @ 13 c2
Event: 10251.569 Thread 0x000001afbdb948a0 DEOPT PACKING pc=0x000001afb2c6b230 sp=0x000000abb45fef70
Event: 10251.569 Thread 0x000001afbdb948a0 DEOPT UNPACKING pc=0x000001afb25e43fc sp=0x000000abb45fef40 mode 2
Event: 10917.032 Thread 0x000001af856dbb60 Uncommon trap: trap_request=0xfffffff4 fr.pc=0x000001afb2c46c60 relative=0x0000000000000140
Event: 10917.032 Thread 0x000001af856dbb60 Uncommon trap: reason=null_check action=make_not_entrant pc=0x000001afb2c46c60 method=java.lang.Class.reflectionData()Ljava/lang/Class$ReflectionData; @ 18 c2
Event: 10917.032 Thread 0x000001af856dbb60 DEOPT PACKING pc=0x000001afb2c46c60 sp=0x000000abb4afd390
Event: 10917.032 Thread 0x000001af856dbb60 DEOPT UNPACKING pc=0x000001afb25e43fc sp=0x000000abb4afd340 mode 2
Event: 11383.914 Thread 0x000001af856dbb60 Uncommon trap: trap_request=0xfffffff4 fr.pc=0x000001afb2cc66c8 relative=0x0000000000000f88
Event: 11383.914 Thread 0x000001af856dbb60 Uncommon trap: reason=null_check action=make_not_entrant pc=0x000001afb2cc66c8 method=java.lang.Class.reflectionData()Ljava/lang/Class$ReflectionData; @ 18 c2
Event: 11383.915 Thread 0x000001af856dbb60 DEOPT PACKING pc=0x000001afb2cc66c8 sp=0x000000abb4afe590
Event: 11383.916 Thread 0x000001af856dbb60 DEOPT UNPACKING pc=0x000001afb25e43fc sp=0x000000abb4afe3f0 mode 2
Event: 11383.918 Thread 0x000001af856dbb60 Uncommon trap: trap_request=0xfffffff4 fr.pc=0x000001afb2c80074 relative=0x00000000000003b4
Event: 11383.918 Thread 0x000001af856dbb60 Uncommon trap: reason=null_check action=make_not_entrant pc=0x000001afb2c80074 method=java.lang.Class.reflectionData()Ljava/lang/Class$ReflectionData; @ 18 c2
Event: 11383.918 Thread 0x000001af856dbb60 DEOPT PACKING pc=0x000001afb2c80074 sp=0x000000abb4afe450
Event: 11383.920 Thread 0x000001af856dbb60 DEOPT UNPACKING pc=0x000001afb25e43fc sp=0x000000abb4afe388 mode 2
Event: 11766.698 Thread 0x000001af856dbb60 Uncommon trap: trap_request=0xffffffec fr.pc=0x000001afb2cee0f8 relative=0x00000000000009d8
Event: 11766.699 Thread 0x000001af856dbb60 Uncommon trap: reason=null_assert_or_unreached0 action=make_not_entrant pc=0x000001afb2cee0f8 method=javax.swing.plaf.basic.BasicLookAndFeel$AWTEventHelper.eventDispatched(Ljava/awt/AWTEvent;)V @ 77 c2
Event: 11766.699 Thread 0x000001af856dbb60 DEOPT PACKING pc=0x000001afb2cee0f8 sp=0x000000abb4afee60
Event: 11766.701 Thread 0x000001af856dbb60 DEOPT UNPACKING pc=0x000001afb25e43fc sp=0x000000abb4afed68 mode 2

Classes loaded (20 events):
Event: 1390.942 Loading class java/awt/geom/Line2D
Event: 1390.943 Loading class java/awt/geom/Line2D done
Event: 1390.943 Loading class java/awt/geom/EllipseIterator
Event: 1390.943 Loading class java/awt/geom/EllipseIterator done
Event: 1390.952 Loading class javax/swing/table/DefaultTableCellRenderer$UIResource
Event: 1390.952 Loading class javax/swing/table/DefaultTableCellRenderer$UIResource done
Event: 1395.680 Loading class java/awt/Canvas
Event: 1395.681 Loading class java/awt/Canvas done
Event: 1395.681 Loading class java/awt/Scrollbar
Event: 1395.682 Loading class java/awt/Scrollbar done
Event: 1398.653 Loading class sun/awt/windows/WInputMethod$1
Event: 1398.654 Loading class sun/awt/windows/WInputMethod$1 done
Event: 3344.874 Loading class java/awt/desktop/UserSessionListener
Event: 3344.930 Loading class java/awt/desktop/SystemEventListener
Event: 3344.945 Loading class java/awt/desktop/SystemEventListener done
Event: 3344.951 Loading class java/awt/desktop/UserSessionListener done
Event: 3344.971 Loading class java/awt/desktop/SystemSleepListener
Event: 3344.979 Loading class java/awt/desktop/SystemSleepListener done
Event: 11766.707 Loading class javax/swing/plaf/basic/BasicSplitPaneDivider
Event: 11766.827 Loading class javax/swing/plaf/basic/BasicSplitPaneDivider done

Classes unloaded (20 events):
Event: 10249.145 Thread 0x000001afa29ec870 Unloading class 0x000001afbf388000 'java/lang/invoke/LambdaForm$MH+0x000001afbf388000'
Event: 10249.145 Thread 0x000001afa29ec870 Unloading class 0x000001afbf300400 'java/lang/invoke/LambdaForm$MH+0x000001afbf300400'
Event: 10249.145 Thread 0x000001afa29ec870 Unloading class 0x000001afbf300000 'java/lang/invoke/LambdaForm$MH+0x000001afbf300000'
Event: 10249.146 Thread 0x000001afa29ec870 Unloading class 0x000001afbf198800 'java/lang/invoke/LambdaForm$DMH+0x000001afbf198800'
Event: 10249.146 Thread 0x000001afa29ec870 Unloading class 0x000001afbf198000 'java/lang/invoke/LambdaForm$DMH+0x000001afbf198000'
Event: 10249.147 Thread 0x000001afa29ec870 Unloading class 0x000001afbf181400 'java/lang/invoke/LambdaForm$MH+0x000001afbf181400'
Event: 10249.147 Thread 0x000001afa29ec870 Unloading class 0x000001afbf180800 'java/lang/invoke/LambdaForm$MH+0x000001afbf180800'
Event: 10249.147 Thread 0x000001afa29ec870 Unloading class 0x000001afbf11c000 'java/lang/invoke/LambdaForm$MH+0x000001afbf11c000'
Event: 10249.148 Thread 0x000001afa29ec870 Unloading class 0x000001afbf03c800 'java/lang/invoke/LambdaForm$MH+0x000001afbf03c800'
Event: 10249.148 Thread 0x000001afa29ec870 Unloading class 0x000001afbf03c400 'java/lang/invoke/LambdaForm$MH+0x000001afbf03c400'
Event: 10249.148 Thread 0x000001afa29ec870 Unloading class 0x000001afbf023400 'java/lang/invoke/LambdaForm$MH+0x000001afbf023400'
Event: 10249.148 Thread 0x000001afa29ec870 Unloading class 0x000001afbf022c00 'java/lang/invoke/LambdaForm$MH+0x000001afbf022c00'
Event: 10249.149 Thread 0x000001afa29ec870 Unloading class 0x000001afbf022000 'java/lang/invoke/LambdaForm$MH+0x000001afbf022000'
Event: 10249.149 Thread 0x000001afa29ec870 Unloading class 0x000001afbf021c00 'java/lang/invoke/LambdaForm$MH+0x000001afbf021c00'
Event: 10249.149 Thread 0x000001afa29ec870 Unloading class 0x000001afbf021800 'java/lang/invoke/LambdaForm$MH+0x000001afbf021800'
Event: 10249.149 Thread 0x000001afa29ec870 Unloading class 0x000001afbf020c00 'java/lang/invoke/LambdaForm$MH+0x000001afbf020c00'
Event: 10249.150 Thread 0x000001afa29ec870 Unloading class 0x000001afbf020000 'java/lang/invoke/LambdaForm$MH+0x000001afbf020000'
Event: 10249.150 Thread 0x000001afa29ec870 Unloading class 0x000001afbf010400 'java/lang/invoke/LambdaForm$MH+0x000001afbf010400'
Event: 10249.150 Thread 0x000001afa29ec870 Unloading class 0x000001afbf00b800 'java/lang/invoke/LambdaForm$MH+0x000001afbf00b800'
Event: 10249.150 Thread 0x000001afa29ec870 Unloading class 0x000001afbf008800 'java/lang/invoke/LambdaForm$MH+0x000001afbf008800'

Classes redefined (0 events):
No events

Internal exceptions (20 events):
Event: 417.469 Thread 0x000001af856dbb60 Implicit null exception at 0x000001afabc500ae to 0x000001afabc5299a
Event: 417.469 Thread 0x000001af856dbb60 Exception <a 'java/lang/NullPointerException'{0x00000000c2b44450}> (0x00000000c2b44450) 
thrown [s\open\src\hotspot\share\runtime\sharedRuntime.cpp, line 627]
Event: 417.470 Thread 0x000001af856dbb60 Implicit null exception at 0x000001afabc500ae to 0x000001afabc5299a
Event: 417.470 Thread 0x000001af856dbb60 Exception <a 'java/lang/NullPointerException'{0x00000000c2b4a9f0}> (0x00000000c2b4a9f0) 
thrown [s\open\src\hotspot\share\runtime\sharedRuntime.cpp, line 627]
Event: 417.493 Thread 0x000001af856dbb60 Implicit null exception at 0x000001afabc500ae to 0x000001afabc5299a
Event: 417.493 Thread 0x000001af856dbb60 Exception <a 'java/lang/NullPointerException'{0x00000000c2a4a960}> (0x00000000c2a4a960) 
thrown [s\open\src\hotspot\share\runtime\sharedRuntime.cpp, line 627]
Event: 418.490 Thread 0x000001af856dbb60 Implicit null exception at 0x000001afabc500ae to 0x000001afabc5299a
Event: 418.491 Thread 0x000001af856dbb60 Exception <a 'java/lang/NullPointerException'{0x00000000c274a9a0}> (0x00000000c274a9a0) 
thrown [s\open\src\hotspot\share\runtime\sharedRuntime.cpp, line 627]
Event: 418.517 Thread 0x000001af856dbb60 Implicit null exception at 0x000001afabc500ae to 0x000001afabc5299a
Event: 418.517 Thread 0x000001af856dbb60 Exception <a 'java/lang/NullPointerException'{0x00000000c264d7c8}> (0x00000000c264d7c8) 
thrown [s\open\src\hotspot\share\runtime\sharedRuntime.cpp, line 627]
Event: 418.518 Thread 0x000001af856dbb60 Implicit null exception at 0x000001afabc500ae to 0x000001afabc5299a
Event: 418.518 Thread 0x000001af856dbb60 Exception <a 'java/lang/NullPointerException'{0x00000000c2653d78}> (0x00000000c2653d78) 
thrown [s\open\src\hotspot\share\runtime\sharedRuntime.cpp, line 627]
Event: 418.541 Thread 0x000001af856dbb60 Implicit null exception at 0x000001afabc500ae to 0x000001afabc5299a
Event: 418.541 Thread 0x000001af856dbb60 Exception <a 'java/lang/NullPointerException'{0x00000000c25538a0}> (0x00000000c25538a0) 
thrown [s\open\src\hotspot\share\runtime\sharedRuntime.cpp, line 627]
Event: 1390.954 Thread 0x000001af856dbb60 Implicit null exception at 0x000001afb2f23477 to 0x000001afb2f26448
Event: 10251.569 Thread 0x000001afbdb948a0 Implicit null exception at 0x000001afb2e42133 to 0x000001afb2e45328
Event: 10251.569 Thread 0x000001afbdb948a0 Implicit null exception at 0x000001afb2c6ac85 to 0x000001afb2c6b220
Event: 10917.032 Thread 0x000001af856dbb60 Implicit null exception at 0x000001afb2c46b61 to 0x000001afb2c46c48
Event: 11383.914 Thread 0x000001af856dbb60 Implicit null exception at 0x000001afb2cc5849 to 0x000001afb2cc66a4
Event: 11383.918 Thread 0x000001af856dbb60 Implicit null exception at 0x000001afb2c7fd10 to 0x000001afb2c80050

VM Operations (20 events):
Event: 11407.329 Executing VM operation: HandshakeAllThreads (HandshakeForDeflation)
Event: 11407.329 Executing VM operation: HandshakeAllThreads (HandshakeForDeflation) done
Event: 11407.329 Executing VM operation: RendezvousGCThreads
Event: 11407.329 Executing VM operation: RendezvousGCThreads done
Event: 11767.794 Executing VM operation: HandshakeAllThreads (HandshakeForDeflation)
Event: 11767.794 Executing VM operation: HandshakeAllThreads (HandshakeForDeflation) done
Event: 11767.794 Executing VM operation: RendezvousGCThreads
Event: 11767.794 Executing VM operation: RendezvousGCThreads done
Event: 11827.940 Executing VM operation: HandshakeAllThreads (HandshakeForDeflation)
Event: 11827.941 Executing VM operation: HandshakeAllThreads (HandshakeForDeflation) done
Event: 11827.941 Executing VM operation: RendezvousGCThreads
Event: 11827.941 Executing VM operation: RendezvousGCThreads done
Event: 11888.201 Executing VM operation: HandshakeAllThreads (HandshakeForDeflation)
Event: 11888.201 Executing VM operation: HandshakeAllThreads (HandshakeForDeflation) done
Event: 11888.201 Executing VM operation: RendezvousGCThreads
Event: 11888.201 Executing VM operation: RendezvousGCThreads done
Event: 11948.277 Executing VM operation: HandshakeAllThreads (HandshakeForDeflation)
Event: 11948.278 Executing VM operation: HandshakeAllThreads (HandshakeForDeflation) done
Event: 11948.278 Executing VM operation: RendezvousGCThreads
Event: 11948.278 Executing VM operation: RendezvousGCThreads done

Memory protections (0 events):
No events

Nmethod flushes (20 events):
Event: 10249.403 Thread 0x000001afa29ec870 flushing  nmethod 0x000001afab7af408
Event: 10249.403 Thread 0x000001afa29ec870 flushing  nmethod 0x000001afab7afb08
Event: 10249.403 Thread 0x000001afa29ec870 flushing  nmethod 0x000001afab7b1c08
Event: 10249.403 Thread 0x000001afa29ec870 flushing  nmethod 0x000001afab7b2388
Event: 10249.403 Thread 0x000001afa29ec870 flushing  nmethod 0x000001afab817388
Event: 10249.403 Thread 0x000001afa29ec870 flushing  nmethod 0x000001afab818388
Event: 10249.403 Thread 0x000001afa29ec870 flushing  nmethod 0x000001afab819188
Event: 10249.403 Thread 0x000001afa29ec870 flushing  nmethod 0x000001afab819a88
Event: 10249.403 Thread 0x000001afa29ec870 flushing  nmethod 0x000001afab81a108
Event: 10249.403 Thread 0x000001afa29ec870 flushing  nmethod 0x000001afab81dc08
Event: 10249.403 Thread 0x000001afa29ec870 flushing  nmethod 0x000001afab830888
Event: 10249.403 Thread 0x000001afa29ec870 flushing  nmethod 0x000001afab831088
Event: 10249.403 Thread 0x000001afa29ec870 flushing  nmethod 0x000001afab834788
Event: 10249.403 Thread 0x000001afa29ec870 flushing  nmethod 0x000001afab836488
Event: 10249.403 Thread 0x000001afa29ec870 flushing  nmethod 0x000001afab836e08
Event: 10249.403 Thread 0x000001afa29ec870 flushing  nmethod 0x000001afab837808
Event: 10249.403 Thread 0x000001afa29ec870 flushing  nmethod 0x000001afab84c088
Event: 10249.403 Thread 0x000001afa29ec870 flushing  nmethod 0x000001afab8a3888
Event: 10249.403 Thread 0x000001afa29ec870 flushing  nmethod 0x000001afaba1f008
Event: 10249.403 Thread 0x000001afa29ec870 flushing  nmethod 0x000001afabb3e808

Events (20 events):
Event: 417.649 Thread 0x000001afbd8e0a20 Thread added: 0x000001af84f3e840
Event: 418.231 Thread 0x000001af84f3e840 Thread exited: 0x000001af84f3e840
Event: 418.625 Thread 0x000001afbd8e0a20 Thread added: 0x000001af84f3e170
Event: 419.039 Thread 0x000001af84f3e170 Thread exited: 0x000001af84f3e170
Event: 419.471 Thread 0x000001afbd8e0a20 Thread added: 0x000001af84f3cd00
Event: 420.041 Thread 0x000001af84f3cd00 Thread exited: 0x000001af84f3cd00
Event: 644.668 Thread 0x000001afbd8e0a20 Thread added: 0x000001af84f3e840
Event: 649.738 Thread 0x000001af84f3e840 Thread exited: 0x000001af84f3e840
Event: 817.513 Thread 0x000001afbd8e0a20 Thread added: 0x000001af84f3cd00
Event: 819.922 Thread 0x000001af84f3cd00 Thread exited: 0x000001af84f3cd00
Event: 892.410 Thread 0x000001afbd8e0a20 Thread added: 0x000001af84f3e170
Event: 897.594 Thread 0x000001af84f3e170 Thread exited: 0x000001af84f3e170
Event: 1390.873 Thread 0x000001af856dbb60 Thread added: 0x000001af856d9400
Event: 1390.901 Thread 0x000001afbd8e0a20 Thread added: 0x000001af84f3cd00
Event: 1391.801 Thread 0x000001af84f3cd00 Thread exited: 0x000001af84f3cd00
Event: 1395.882 Thread 0x000001af856d9400 Thread exited: 0x000001af856d9400
Event: 1398.620 Thread 0x000001af856dbb60 Thread added: 0x000001af856d9400
Event: 1403.618 Thread 0x000001af856d9400 Thread exited: 0x000001af856d9400
Event: 1403.653 Thread 0x000001af856dbb60 Thread added: 0x000001af856d9400
Event: 1408.659 Thread 0x000001af856d9400 Thread exited: 0x000001af856d9400


Dynamic libraries:
0x00007ff619040000 - 0x00007ff619050000 	C:\Program Files\Java\jdk-23\bin\java.exe
0x00007ff96a8b0000 - 0x00007ff96aac4000 	C:\Windows\SYSTEM32\ntdll.dll
0x00007ff968b20000 - 0x00007ff968be4000 	C:\Windows\System32\KERNEL32.DLL
0x00007ff967f80000 - 0x00007ff968324000 	C:\Windows\System32\KERNELBASE.dll
0x00007ff968520000 - 0x00007ff968631000 	C:\Windows\System32\ucrtbase.dll
0x00007ff9415d0000 - 0x00007ff9415eb000 	C:\Program Files\Java\jdk-23\bin\VCRUNTIME140.dll
0x00007ff95ba30000 - 0x00007ff95ba47000 	C:\Program Files\Java\jdk-23\bin\jli.dll
0x00007ff96a590000 - 0x00007ff96a73e000 	C:\Windows\System32\USER32.dll
0x00007ff94f980000 - 0x00007ff94fc13000 	C:\Windows\WinSxS\amd64_microsoft.windows.common-controls_6595b64144ccf1df_6.0.22621.2215_none_270d72677387dfc3\COMCTL32.dll
0x00007ff967c60000 - 0x00007ff967c86000 	C:\Windows\System32\win32u.dll
0x00007ff968fa0000 - 0x00007ff969047000 	C:\Windows\System32\msvcrt.dll
0x00007ff96a2e0000 - 0x00007ff96a309000 	C:\Windows\System32\GDI32.dll
0x00007ff967d50000 - 0x00007ff967e68000 	C:\Windows\System32\gdi32full.dll
0x00007ff967ee0000 - 0x00007ff967f7a000 	C:\Windows\System32\msvcp_win.dll
0x00007ff96a540000 - 0x00007ff96a571000 	C:\Windows\System32\IMM32.DLL
0x00007ff953f20000 - 0x00007ff953f2c000 	C:\Program Files\Java\jdk-23\bin\vcruntime140_1.dll
0x00007ff9403d0000 - 0x00007ff94045e000 	C:\Program Files\Java\jdk-23\bin\msvcp140.dll
0x00007ff93d290000 - 0x00007ff93dfdf000 	C:\Program Files\Java\jdk-23\bin\server\jvm.dll
0x00007ff968c80000 - 0x00007ff968d30000 	C:\Windows\System32\ADVAPI32.dll
0x00007ff969130000 - 0x00007ff9691d6000 	C:\Windows\System32\sechost.dll
0x00007ff969d40000 - 0x00007ff969e57000 	C:\Windows\System32\RPCRT4.dll
0x00007ff968c00000 - 0x00007ff968c71000 	C:\Windows\System32\WS2_32.dll
0x00007ff967b30000 - 0x00007ff967b7d000 	C:\Windows\SYSTEM32\POWRPROF.dll
0x00007ff950130000 - 0x00007ff950164000 	C:\Windows\SYSTEM32\WINMM.dll
0x00007ff962910000 - 0x00007ff96291a000 	C:\Windows\SYSTEM32\VERSION.dll
0x00007ff967b10000 - 0x00007ff967b23000 	C:\Windows\SYSTEM32\UMPDC.dll
0x00007ff966c60000 - 0x00007ff966c78000 	C:\Windows\SYSTEM32\kernel.appcore.dll
0x00007ff953ce0000 - 0x00007ff953cea000 	C:\Program Files\Java\jdk-23\bin\jimage.dll
0x00007ff95b470000 - 0x00007ff95b69e000 	C:\Windows\SYSTEM32\DBGHELP.DLL
0x00007ff968640000 - 0x00007ff9689ca000 	C:\Windows\System32\combase.dll
0x00007ff969050000 - 0x00007ff969127000 	C:\Windows\System32\OLEAUT32.dll
0x00007ff95a660000 - 0x00007ff95a692000 	C:\Windows\SYSTEM32\dbgcore.DLL
0x00007ff968330000 - 0x00007ff9683aa000 	C:\Windows\System32\bcryptPrimitives.dll
0x00007ff9415b0000 - 0x00007ff9415ce000 	C:\Program Files\Java\jdk-23\bin\java.dll
0x00007ff968e00000 - 0x00007ff968f9e000 	C:\Windows\System32\ole32.dll
0x00007ff9691e0000 - 0x00007ff969a03000 	C:\Windows\System32\SHELL32.dll
0x00007ff965bf0000 - 0x00007ff9664da000 	C:\Windows\SYSTEM32\windows.storage.dll
0x00007ff965ab0000 - 0x00007ff965bee000 	C:\Windows\SYSTEM32\wintypes.dll
0x00007ff96a770000 - 0x00007ff96a863000 	C:\Windows\System32\SHCORE.dll
0x00007ff968d30000 - 0x00007ff968d8e000 	C:\Windows\System32\shlwapi.dll
0x00007ff967b90000 - 0x00007ff967bb6000 	C:\Windows\SYSTEM32\profapi.dll
0x00007ff93f9b0000 - 0x00007ff93fa87000 	C:\Program Files\Java\jdk-23\bin\jsvml.dll
0x00007ff94f8d0000 - 0x00007ff94f8e0000 	C:\Program Files\Java\jdk-23\bin\net.dll
0x00007ff967130000 - 0x00007ff967199000 	C:\Windows\system32\mswsock.dll
0x00007ff940a40000 - 0x00007ff940a56000 	C:\Program Files\Java\jdk-23\bin\nio.dll
0x00007ff9409e0000 - 0x00007ff9409f7000 	C:\Program Files\Java\jdk-23\bin\zip.dll
0x00007ff94bf50000 - 0x00007ff94bf60000 	C:\Program Files\Java\jdk-23\bin\verify.dll
0x00007ff967380000 - 0x00007ff96739b000 	C:\Windows\SYSTEM32\CRYPTSP.dll
0x00007ff966c20000 - 0x00007ff966c55000 	C:\Windows\system32\rsaenh.dll
0x00007ff967220000 - 0x00007ff96724c000 	C:\Windows\SYSTEM32\USERENV.dll
0x00007ff967540000 - 0x00007ff967568000 	C:\Windows\SYSTEM32\bcrypt.dll
0x00007ff9673a0000 - 0x00007ff9673ac000 	C:\Windows\SYSTEM32\CRYPTBASE.dll
0x00007ff966780000 - 0x00007ff9667ad000 	C:\Windows\SYSTEM32\IPHLPAPI.DLL
0x00007ff96a530000 - 0x00007ff96a539000 	C:\Windows\System32\NSI.dll
0x00007ff9667b0000 - 0x00007ff9668a2000 	C:\Windows\SYSTEM32\DNSAPI.dll
0x00007ff95f4e0000 - 0x00007ff95f4ea000 	C:\Windows\System32\rasadhlp.dll
0x00007ff961390000 - 0x00007ff961414000 	C:\Windows\System32\fwpuclnt.dll
0x00007ff942580000 - 0x00007ff942589000 	C:\Program Files\Java\jdk-23\bin\extnet.dll
0x00007ff963a60000 - 0x00007ff963a6e000 	C:\Program Files\Java\jdk-23\bin\sunmscapi.dll
0x00007ff9683b0000 - 0x00007ff968516000 	C:\Windows\System32\CRYPT32.dll
0x00007ff967510000 - 0x00007ff96753e000 	C:\Windows\SYSTEM32\ncrypt.dll
0x00007ff9674d0000 - 0x00007ff967507000 	C:\Windows\SYSTEM32\NTASN1.dll
0x00007ff93f820000 - 0x00007ff93f9ae000 	C:\Program Files\Java\jdk-23\bin\awt.dll
0x00007ff965040000 - 0x00007ff9650d7000 	C:\Windows\SYSTEM32\apphelp.dll
0x00007ff965460000 - 0x00007ff96548b000 	C:\Windows\system32\DWMAPI.DLL
0x00007ff965210000 - 0x00007ff9652bb000 	C:\Windows\system32\uxtheme.dll
0x00007ff93f720000 - 0x00007ff93f820000 	C:\Windows\system32\opengl32.dll
0x00007ff940760000 - 0x00007ff94078d000 	C:\Windows\SYSTEM32\GLU32.dll
0x00007ff965310000 - 0x00007ff965348000 	C:\Windows\SYSTEM32\dxcore.dll
0x00007ff9689d0000 - 0x00007ff968b19000 	C:\Windows\System32\MSCTF.dll
0x00007ff93f690000 - 0x00007ff93f717000 	C:\Program Files\Java\jdk-23\bin\freetype.dll
0x00007ff93ed50000 - 0x00007ff93ee27000 	C:\Program Files\Java\jdk-23\bin\fontmanager.dll
0x00007ff969c00000 - 0x00007ff969cb0000 	C:\Windows\System32\clbcatq.dll
0x00007ff964050000 - 0x00007ff964200000 	C:\Windows\SYSTEM32\WindowsCodecs.dll
0x00007ff94ee10000 - 0x00007ff94ee6e000 	C:\Windows\system32\dataexchange.dll
0x00007ff95f150000 - 0x00007ff95f3d2000 	C:\Windows\system32\twinapi.appcore.dll
0x00007ff95d170000 - 0x00007ff95d2b4000 	C:\Windows\SYSTEM32\textinputframework.dll
0x00007ff964c50000 - 0x00007ff964d83000 	C:\Windows\SYSTEM32\CoreMessaging.dll
0x00007ff961020000 - 0x00007ff96138c000 	C:\Windows\SYSTEM32\CoreUIComponents.dll
0x00007ff953bb0000 - 0x00007ff953bb9000 	C:\Program Files\Java\jdk-23\bin\syslookup.dll
0x00007ff966a70000 - 0x00007ff966a84000 	C:\Windows\system32\Wtsapi32.dll
0x00007ff9678e0000 - 0x00007ff967946000 	C:\Windows\SYSTEM32\WINSTA.dll
0x00007ff962d10000 - 0x00007ff962e11000 	C:\Windows\SYSTEM32\PROPSYS.dll
0x00007ff960190000 - 0x00007ff9602c5000 	C:\Windows\System32\Windows.System.Launcher.dll
0x00007ff963510000 - 0x00007ff9635a3000 	C:\Windows\System32\msvcp110_win.dll
0x00007ff95ffb0000 - 0x00007ff95ffca000 	C:\Windows\SYSTEM32\windows.staterepositorycore.dll
0x00007ff967860000 - 0x00007ff9678ae000 	C:\Windows\SYSTEM32\CFGMGR32.dll
0x00007ff94d8d0000 - 0x00007ff94d8f8000 	C:\Windows\SYSTEM32\edputil.dll
0x00007ff959420000 - 0x00007ff95950b000 	C:\Windows\System32\Windows.StateRepositoryPS.dll
0x00007ff95a730000 - 0x00007ff95a920000 	C:\Windows\SYSTEM32\urlmon.dll
0x00007ff95a370000 - 0x00007ff95a62c000 	C:\Windows\SYSTEM32\iertutil.dll
0x00007ff966700000 - 0x00007ff96670c000 	C:\Windows\SYSTEM32\netutils.dll
0x00007ff95a6a0000 - 0x00007ff95a6c9000 	C:\Windows\SYSTEM32\srvcli.dll
0x00007ff966f10000 - 0x00007ff966f52000 	C:\Windows\SYSTEM32\SspiCli.dll
0x00007ff9602d0000 - 0x00007ff9602e5000 	C:\Windows\SYSTEM32\virtdisk.dll
0x00007ff967450000 - 0x00007ff96749b000 	C:\Windows\SYSTEM32\Wldp.dll
0x00007ff95eb20000 - 0x00007ff95f144000 	C:\Windows\System32\OneCoreUAPCommonProxyStub.dll
0x00007ff956a60000 - 0x00007ff956b10000 	C:\Windows\SYSTEM32\TextShaping.dll

dbghelp: loaded successfully - version: 4.0.5 - missing functions: none
symbol engine: initialized successfully - sym options: 0x614 - pdb path: .;C:\Program Files\Java\jdk-23\bin;C:\Windows\SYSTEM32;C:\Windows\WinSxS\amd64_microsoft.windows.common-controls_6595b64144ccf1df_6.0.22621.2215_none_270d72677387dfc3;C:\Program Files\Java\jdk-23\bin\server

VM Arguments:
java_command: Classes.Main
java_class_path (initial): C:\Users\Edu\Documents\GitHub\auto-center-crud\target\classes;C:\Users\Edu\.m2\repository\org\hibernate\hibernate-core-jakarta\5.6.8.Final\hibernate-core-jakarta-5.6.8.Final.jar;C:\Users\Edu\.m2\repository\org\jboss\logging\jboss-logging\3.4.3.Final\jboss-logging-3.4.3.Final.jar;C:\Users\Edu\.m2\repository\jakarta\persistence\jakarta.persistence-api\3.0.0\jakarta.persistence-api-3.0.0.jar;C:\Users\Edu\.m2\repository\net\bytebuddy\byte-buddy\1.12.9\byte-buddy-1.12.9.jar;C:\Users\Edu\.m2\repository\antlr\antlr\2.7.7\antlr-2.7.7.jar;C:\Users\Edu\.m2\repository\jakarta\transaction\jakarta.transaction-api\2.0.0\jakarta.transaction-api-2.0.0.jar;C:\Users\Edu\.m2\repository\org\jboss\jandex\2.4.2.Final\jandex-2.4.2.Final.jar;C:\Users\Edu\.m2\repository\com\fasterxml\classmate\1.5.1\classmate-1.5.1.jar;C:\Users\Edu\.m2\repository\jakarta\activation\jakarta.activation-api\2.0.1\jakarta.activation-api-2.0.1.jar;C:\Users\Edu\.m2\repository\org\dom4j\dom4j\2.1.3\dom4j-2.1.3.jar;C:\Users\Edu\.m2\repository\org\hibernate\common\hibernate-commons-annotations\5.1.2.Final\hibernate-commons-annotations-5.1.2.Final.jar;C:\Users\Edu\.m2\repository\jakarta\xml\bind\jakarta.xml.bind-api\3.0.1\jakarta.xml.bind-api-3.0.1.jar;C:\Users\Edu\.m2\repository\com\sun\activation\jakarta.activation\2.0.1\jakarta.activation-2.0.1.jar;C:\Users\Edu\.m2\repository\org\glassfish\jaxb\jaxb-runtime\3.0.0\jaxb-runtime-3.0.0.jar;C:\Users\Edu\.m2\repository\org\glassfish\jaxb\jaxb-core\3.0.0\jaxb-core-3.0.0.jar;C:\Users\Edu\.m2\repository\org\glassfish\jaxb\txw2\3.0.0\txw2-3.0.0.jar;C:\Users\Edu\.m2\repository\com\sun\istack\istack-commons-runtime\4.0.0\istack-commons-runtime-4.0.0.jar;C:\Users\Edu\.m2\repository\mysql\mysql-connector-java\8.0.29\mysql-connector-java-8.0.29.jar;C:\Users\Edu\.m2\repository\com\google\protobuf\protobuf-java\3.19.4\protobuf-java-3.19.4.jar;C:\Users\Edu\.m2\repository\com\toedter\jcalendar\1.4\jcalendar-1.4.jar;C:\Users\Edu\.m2\repository\net\sf\jasperreports\jasperreports\6.21.3\jasperreports-6.21.3.jar;C:\Users\Edu\.m2\repository\commons-beanutils\commons-beanutils\1.9.4\commons-beanutils-1.9.4.jar;C:\Users\Edu\.m2\repository\commons-collections\commons-collections\3.2.2\commons-collections-3.2.2.jar;C:\Users\Edu\.m2\repository\commons-digester\commons-digester\2.1\commons-digester-2.1.jar;C:\Users\Edu\.m2\repository\commons-logging\commons-logging\1.1.1\commons-logging-1.1.1.jar;C:\Users\Edu\.m2\repository\org\apache\commons\commons-collections4\4.2\commons-collections4-4.2.jar;C:\Users\Edu\.m2\repository\com\github\librepdf\openpdf\1.3.32\openpdf-1.3.32.jar;C:\Users\Edu\.m2\repository\org\jfree\jcommon\1.0.23\jcommon-1.0.23.jar;C:\Users\Edu\.m2\repository\org\jfree\jfreechart\1.0.19\jfreechart-1.0.19.jar;C:\Users\Edu\.m2\repository\org\eclipse\jdt\ecj\3.21.0\ecj-3.21.0.jar;C:\Users\Edu\.m2\repository\com\fasterxml\jackson\core\jackson-core\2.15.3\jackson-core-2.15.3.jar;C:\Users\Edu\.m2\repository\com\fasterxml\jackson\core\jackson-databind\2.15.3\jackson-databind-2.15.3.jar;C:\Users\Edu\.m2\repository\com\fasterxml\jackson\core\jackson-annotations\2.15.3\jackson-annotations-2.15.3.jar;C:\Users\Edu\.m2\repository\com\fasterxml\jackson\dataformat\jackson-dataformat-xml\2.15.3\jackson-dataformat-xml-2.15.3.jar;C:\Users\Edu\.m2\repository\org\codehaus\woodstox\stax2-api\4.2.1\stax2-api-4.2.1.jar;C:\Users\Edu\.m2\repository\com\fasterxml\woodstox\woodstox-core\6.5.1\woodstox-core-6.5.1.jar;C:\Users\Edu\.m2\repository\org\apache\pdfbox\pdfbox\2.0.29\pdfbox-2.0.29.jar;C:\Users\Edu\.m2\repository\org\apache\pdfbox\fontbox\2.0.29\fontbox-2.0.29.jar
Launcher Type: SUN_STANDARD

[Global flags]
     intx CICompilerCount                          = 3                                         {product} {ergonomic}
     uint ConcGCThreads                            = 1                                         {product} {ergonomic}
     uint G1ConcRefinementThreads                  = 4                                         {product} {ergonomic}
   size_t G1HeapRegionSize                         = 1048576                                   {product} {ergonomic}
   size_t InitialHeapSize                          = 67108864                                  {product} {ergonomic}
   size_t MarkStackSize                            = 4194304                                   {product} {ergonomic}
   size_t MarkStackSizeMax                         = 536870912                                 {product} {ergonomic}
   size_t MaxHeapSize                              = 1071644672                                {product} {ergonomic}
   size_t MaxNewSize                               = 642777088                                 {product} {ergonomic}
   size_t MinHeapDeltaBytes                        = 1048576                                   {product} {ergonomic}
   size_t MinHeapSize                              = 8388608                                   {product} {ergonomic}
    uintx NonNMethodCodeHeapSize                   = 5832704                                {pd product} {ergonomic}
    uintx NonProfiledCodeHeapSize                  = 122945536                              {pd product} {ergonomic}
     bool PerfDisableSharedMem                     = true                                      {product} {ergonomic}
    uintx ProfiledCodeHeapSize                     = 122880000                              {pd product} {ergonomic}
    uintx ReservedCodeCacheSize                    = 251658240                              {pd product} {ergonomic}
     bool SegmentedCodeCache                       = true                                      {product} {ergonomic}
   size_t SoftMaxHeapSize                          = 1071644672                             {manageable} {ergonomic}
     bool UseCompressedOops                        = true                           {product lp64_product} {ergonomic}
     bool UseG1GC                                  = true                                      {product} {ergonomic}
     bool UseLargePagesIndividualAllocation        = false                                  {pd product} {ergonomic}

Logging:
Log output configuration:
 #0: stdout all=warning uptime,level,tags foldmultilines=false
 #1: stderr all=off uptime,level,tags foldmultilines=false

Environment Variables:
JAVA_HOME=C:\Program Files\Java\jdk-23
PATH=C:\Program Files\Common Files\Oracle\Java\javapath;C:\Program Files (x86)\Common Files\Oracle\Java\java8path;C:\Program Files (x86)\Common Files\Oracle\Java\javapath;C:\Windows\system32;C:\Windows;C:\Windows\System32\Wbem;C:\Windows\System32\WindowsPowerShell\v1.0\;C:\Windows\System32\OpenSSH\;C:\Users\Edu\AppData\Local\Microsoft\WindowsApps;C:\Users\Edu\AppData\Local\GitHubDesktop\bin
USERNAME=Edu
OS=Windows_NT
PROCESSOR_IDENTIFIER=Intel64 Family 6 Model 23 Stepping 10, GenuineIntel
TMP=C:\Users\Edu\AppData\Local\Temp
TEMP=C:\Users\Edu\AppData\Local\Temp




Periodic native trim disabled

---------------  S Y S T E M  ---------------

OS:
 Windows 11 , 64 bit Build 22621 (10.0.22621.2215)
OS uptime: 4 days 8:32 hours

CPU: total 4 (initial active 4) (4 cores per cpu, 1 threads per core) family 6 model 23 stepping 10 microcode 0xa0c, cx8, cmov, fxsr, mmx, sse, sse2, sse3, ssse3, sse4.1, tsc, clflush
Processor Information for the first 4 processors :
  Max Mhz: 2834, Current Mhz: 2834, Mhz Limit: 2834

Memory: 4k page, system-wide physical 4085M (728M free)
TotalPageFile size 8059M (AvailPageFile size 1513M)
current process WorkingSet (physical memory assigned to process): 93M, peak: 245M
current process commit charge ("private bytes"): 245M, peak: 267M

vm_info: Java HotSpot(TM) 64-Bit Server VM (23.0.1+11-39) for windows-amd64 JRE (23.0.1+11-39), built on 2024-09-30T07:20:43Z with MS VC++ 17.6 (VS2022)

END.
